<?xml version="1.0" encoding="UTF-8"?>
<testsuite name="PasswordCheckerTest" tests="2" skipped="0" failures="0" errors="0" timestamp="2020-01-14T11:35:56" hostname="sage-ThinkCentre-M73" time="0.04">
  <properties/>
  <testcase name="passwordIsValid()" classname="PasswordCheckerTest" time="0.033"/>
  <testcase name="passwordIsOk()" classname="PasswordCheckerTest" time="0.004"/>
  <system-out><![CDATA[password meets all requirements
password should be longer than than 8 characters
password should have at least have one digit
]]></system-out>
  <system-err><![CDATA[]]></system-err>
</testsuite>
